<?xml version="1.0" encoding="UTF-8"?>
<!-- Generated by org.testng.reporters.JUnitReportReporter -->
<testsuite hostname="DESKTOP-8L8BQUV" failures="0" tests="3" name="Rest_Assured_Project.Rest_Assured_Project.DynamicJson" time="3.496" errors="0" timestamp="2024-11-28T10:29:30 WEST" skipped="0">
  <testcase classname="Rest_Assured_Project.Rest_Assured_Project.DynamicJson" name="addBook" time="0.561"/>
  <testcase classname="Rest_Assured_Project.Rest_Assured_Project.DynamicJson" name="addBook" time="2.358"/>
  <testcase classname="Rest_Assured_Project.Rest_Assured_Project.DynamicJson" name="addBook" time="0.577"/>
</testsuite> <!-- Rest_Assured_Project.Rest_Assured_Project.DynamicJson -->
