<?xml version="1.0" encoding="UTF-8"?>
<!-- Generated by org.testng.reporters.JUnitReportReporter -->
<testsuite hostname="DESKTOP-8L8BQUV" failures="0" tests="1" name="Rest_Assured_Project.Rest_Assured_Project.sumValidation" time="1.129" errors="0" timestamp="2024-11-26T14:42:41 WEST" skipped="0">
  <testcase classname="Rest_Assured_Project.Rest_Assured_Project.sumValidation" name="SumofCourses" time="1.129"/>
</testsuite> <!-- Rest_Assured_Project.Rest_Assured_Project.sumValidation -->
